<?xml version="1.0" encoding="UTF-8"?>
<testng-results skipped="0" failed="0" total="1" passed="1">
  <reporter-output>
  </reporter-output>
  <suite name="Suite" duration-ms="22421" started-at="2020-01-03T08:07:12Z" finished-at="2020-01-03T08:07:35Z">
    <groups>
    </groups>
    <test name="Test" duration-ms="22421" started-at="2020-01-03T08:07:12Z" finished-at="2020-01-03T08:07:35Z">
      <class name="testf.TESTFramework">
        <test-method status="PASS" signature="openApp()[pri:0, instance:testf.TESTFramework@58651fd0]" name="openApp" is-config="true" duration-ms="19098" started-at="2020-01-03T13:37:12Z" finished-at="2020-01-03T13:37:31Z">
          <reporter-output>
          </reporter-output>
        </test-method> <!-- openApp -->
        <test-method status="PASS" signature="fb()[pri:0, instance:testf.TESTFramework@58651fd0]" name="fb" duration-ms="3293" started-at="2020-01-03T13:37:31Z" finished-at="2020-01-03T13:37:35Z">
          <reporter-output>
          </reporter-output>
        </test-method> <!-- fb -->
        <test-method status="PASS" signature="closeApp()[pri:0, instance:testf.TESTFramework@58651fd0]" name="closeApp" is-config="true" duration-ms="0" started-at="2020-01-03T13:37:35Z" finished-at="2020-01-03T13:37:35Z">
          <reporter-output>
          </reporter-output>
        </test-method> <!-- closeApp -->
      </class> <!-- testf.TESTFramework -->
    </test> <!-- Test -->
  </suite> <!-- Suite -->
</testng-results>
